
*** Running vivado
    with args -log lab5_blk_mem_gen_1_0.vds -m64 -product Vivado -mode batch -messageDb vivado.pb -notrace -source lab5_blk_mem_gen_1_0.tcl


****** Vivado v2016.4 (64-bit)
  **** SW Build 1756540 on Mon Jan 23 19:11:23 MST 2017
  **** IP Build 1755317 on Mon Jan 23 20:30:07 MST 2017
    ** Copyright 1986-2016 Xilinx, Inc. All Rights Reserved.

source lab5_blk_mem_gen_1_0.tcl -notrace
Starting RTL Elaboration : Time (s): cpu = 00:00:10 ; elapsed = 00:00:11 . Memory (MB): peak = 293.172 ; gain = 82.777
INFO: [Synth 8-638] synthesizing module 'lab5_blk_mem_gen_1_0' [c:/Users/Blythe Tao/Desktop/Embedded/Lab5/Lab5.srcs/sources_1/bd/lab5/ip/lab5_blk_mem_gen_1_0/synth/lab5_blk_mem_gen_1_0.vhd:69]
INFO: [Synth 8-256] done synthesizing module 'lab5_blk_mem_gen_1_0' (11#1) [c:/Users/Blythe Tao/Desktop/Embedded/Lab5/Lab5.srcs/sources_1/bd/lab5/ip/lab5_blk_mem_gen_1_0/synth/lab5_blk_mem_gen_1_0.vhd:69]
Finished RTL Elaboration : Time (s): cpu = 00:01:12 ; elapsed = 00:01:16 . Memory (MB): peak = 493.844 ; gain = 283.449
Finished RTL Optimization Phase 1 : Time (s): cpu = 00:01:13 ; elapsed = 00:01:16 . Memory (MB): peak = 493.844 ; gain = 283.449
INFO: [Device 21-403] Loading part xc7z010clg400-1
Constraint Validation Runtime : Time (s): cpu = 00:00:00 ; elapsed = 00:00:00.026 . Memory (MB): peak = 648.875 ; gain = 0.000
Finished Constraint Validation : Time (s): cpu = 00:01:21 ; elapsed = 00:01:25 . Memory (MB): peak = 648.875 ; gain = 438.480
Finished Loading Part and Timing Information : Time (s): cpu = 00:01:21 ; elapsed = 00:01:25 . Memory (MB): peak = 648.875 ; gain = 438.480
Finished applying 'set_property' XDC Constraints : Time (s): cpu = 00:01:21 ; elapsed = 00:01:25 . Memory (MB): peak = 648.875 ; gain = 438.480
Finished RTL Optimization Phase 2 : Time (s): cpu = 00:01:22 ; elapsed = 00:01:26 . Memory (MB): peak = 648.875 ; gain = 438.480
Finished Cross Boundary and Area Optimization : Time (s): cpu = 00:01:22 ; elapsed = 00:01:26 . Memory (MB): peak = 648.875 ; gain = 438.480
Finished Applying XDC Timing Constraints : Time (s): cpu = 00:01:31 ; elapsed = 00:01:36 . Memory (MB): peak = 648.875 ; gain = 438.480
Finished Timing Optimization : Time (s): cpu = 00:01:32 ; elapsed = 00:01:36 . Memory (MB): peak = 648.875 ; gain = 438.480
Finished Technology Mapping : Time (s): cpu = 00:01:32 ; elapsed = 00:01:36 . Memory (MB): peak = 648.875 ; gain = 438.480
Finished IO Insertion : Time (s): cpu = 00:01:32 ; elapsed = 00:01:36 . Memory (MB): peak = 648.875 ; gain = 438.480
Finished Renaming Generated Instances : Time (s): cpu = 00:01:32 ; elapsed = 00:01:36 . Memory (MB): peak = 648.875 ; gain = 438.480
Finished Rebuilding User Hierarchy : Time (s): cpu = 00:01:32 ; elapsed = 00:01:36 . Memory (MB): peak = 648.875 ; gain = 438.480
Finished Renaming Generated Ports : Time (s): cpu = 00:01:32 ; elapsed = 00:01:36 . Memory (MB): peak = 648.875 ; gain = 438.480
Finished Handling Custom Attributes : Time (s): cpu = 00:01:32 ; elapsed = 00:01:36 . Memory (MB): peak = 648.875 ; gain = 438.480
Finished Renaming Generated Nets : Time (s): cpu = 00:01:32 ; elapsed = 00:01:36 . Memory (MB): peak = 648.875 ; gain = 438.480

Report Cell Usage: 
+------+-----------+------+
|      |Cell       |Count |
+------+-----------+------+
|1     |LUT3       |     8|
|2     |LUT6       |    18|
|3     |MUXF7      |     9|
|4     |RAMB36E1   |     1|
|5     |RAMB36E1_1 |     1|
|6     |RAMB36E1_2 |     1|
|7     |RAMB36E1_3 |     1|
|8     |RAMB36E1_4 |     1|
|9     |RAMB36E1_5 |     1|
|10    |RAMB36E1_6 |     1|
|11    |RAMB36E1_7 |     8|
|12    |FDRE       |     3|
+------+-----------+------+
Finished Writing Synthesis Report : Time (s): cpu = 00:01:32 ; elapsed = 00:01:36 . Memory (MB): peak = 648.875 ; gain = 438.480
synth_design: Time (s): cpu = 00:01:31 ; elapsed = 00:01:34 . Memory (MB): peak = 648.875 ; gain = 434.418
