
*** Running vivado
    with args -log dMem.vds -m64 -product Vivado -mode batch -messageDb vivado.pb -notrace -source dMem.tcl


****** Vivado v2016.4 (64-bit)
  **** SW Build 1756540 on Mon Jan 23 19:11:23 MST 2017
  **** IP Build 1755317 on Mon Jan 23 20:30:07 MST 2017
    ** Copyright 1986-2016 Xilinx, Inc. All Rights Reserved.

source dMem.tcl -notrace
Starting RTL Elaboration : Time (s): cpu = 00:00:07 ; elapsed = 00:00:08 . Memory (MB): peak = 293.449 ; gain = 83.625
INFO: [Synth 8-638] synthesizing module 'dMem' [c:/Users/Blythe Tao/Desktop/Embedded/Lab5/Lab5.srcs/sources_1/ip/dMem/synth/dMem.vhd:69]
INFO: [Synth 8-256] done synthesizing module 'dMem' (11#1) [c:/Users/Blythe Tao/Desktop/Embedded/Lab5/Lab5.srcs/sources_1/ip/dMem/synth/dMem.vhd:69]
Finished RTL Elaboration : Time (s): cpu = 00:01:05 ; elapsed = 00:01:08 . Memory (MB): peak = 493.941 ; gain = 284.117
Finished RTL Optimization Phase 1 : Time (s): cpu = 00:01:05 ; elapsed = 00:01:08 . Memory (MB): peak = 493.941 ; gain = 284.117
INFO: [Device 21-403] Loading part xc7z010clg400-1
Constraint Validation Runtime : Time (s): cpu = 00:00:01 ; elapsed = 00:00:00.026 . Memory (MB): peak = 649.242 ; gain = 0.031
Finished Constraint Validation : Time (s): cpu = 00:01:14 ; elapsed = 00:01:17 . Memory (MB): peak = 649.242 ; gain = 439.418
Finished Loading Part and Timing Information : Time (s): cpu = 00:01:14 ; elapsed = 00:01:17 . Memory (MB): peak = 649.242 ; gain = 439.418
Finished applying 'set_property' XDC Constraints : Time (s): cpu = 00:01:14 ; elapsed = 00:01:17 . Memory (MB): peak = 649.242 ; gain = 439.418
Finished RTL Optimization Phase 2 : Time (s): cpu = 00:01:14 ; elapsed = 00:01:17 . Memory (MB): peak = 649.242 ; gain = 439.418
Finished Cross Boundary and Area Optimization : Time (s): cpu = 00:01:15 ; elapsed = 00:01:18 . Memory (MB): peak = 649.242 ; gain = 439.418
Finished Applying XDC Timing Constraints : Time (s): cpu = 00:01:24 ; elapsed = 00:01:27 . Memory (MB): peak = 649.242 ; gain = 439.418
Finished Timing Optimization : Time (s): cpu = 00:01:24 ; elapsed = 00:01:28 . Memory (MB): peak = 649.242 ; gain = 439.418
Finished Technology Mapping : Time (s): cpu = 00:01:24 ; elapsed = 00:01:28 . Memory (MB): peak = 649.242 ; gain = 439.418
Finished IO Insertion : Time (s): cpu = 00:01:25 ; elapsed = 00:01:28 . Memory (MB): peak = 649.242 ; gain = 439.418
Finished Renaming Generated Instances : Time (s): cpu = 00:01:25 ; elapsed = 00:01:28 . Memory (MB): peak = 649.242 ; gain = 439.418
Finished Rebuilding User Hierarchy : Time (s): cpu = 00:01:25 ; elapsed = 00:01:28 . Memory (MB): peak = 649.242 ; gain = 439.418
Finished Renaming Generated Ports : Time (s): cpu = 00:01:25 ; elapsed = 00:01:28 . Memory (MB): peak = 649.242 ; gain = 439.418
Finished Handling Custom Attributes : Time (s): cpu = 00:01:25 ; elapsed = 00:01:28 . Memory (MB): peak = 649.242 ; gain = 439.418
Finished Renaming Generated Nets : Time (s): cpu = 00:01:25 ; elapsed = 00:01:28 . Memory (MB): peak = 649.242 ; gain = 439.418

Report Cell Usage: 
+------+-----------+------+
|      |Cell       |Count |
+------+-----------+------+
|1     |LUT3       |     8|
|2     |LUT6       |    18|
|3     |MUXF7      |     9|
|4     |RAMB36E1   |     1|
|5     |RAMB36E1_1 |     1|
|6     |RAMB36E1_2 |     1|
|7     |RAMB36E1_3 |     1|
|8     |RAMB36E1_4 |     1|
|9     |RAMB36E1_5 |     1|
|10    |RAMB36E1_6 |     1|
|11    |RAMB36E1_7 |     8|
|12    |FDRE       |     3|
+------+-----------+------+
Finished Writing Synthesis Report : Time (s): cpu = 00:01:25 ; elapsed = 00:01:28 . Memory (MB): peak = 649.242 ; gain = 439.418
synth_design: Time (s): cpu = 00:01:24 ; elapsed = 00:01:27 . Memory (MB): peak = 649.242 ; gain = 434.289
