
*** Running vivado
    with args -log design_1_blk_mem_gen_0_0.vds -m64 -product Vivado -mode batch -messageDb vivado.pb -notrace -source design_1_blk_mem_gen_0_0.tcl


****** Vivado v2016.4 (64-bit)
  **** SW Build 1756540 on Mon Jan 23 19:11:23 MST 2017
  **** IP Build 1755317 on Mon Jan 23 20:30:07 MST 2017
    ** Copyright 1986-2016 Xilinx, Inc. All Rights Reserved.

source design_1_blk_mem_gen_0_0.tcl -notrace
Starting RTL Elaboration : Time (s): cpu = 00:00:07 ; elapsed = 00:00:08 . Memory (MB): peak = 293.176 ; gain = 82.773
INFO: [Synth 8-638] synthesizing module 'design_1_blk_mem_gen_0_0' [c:/Users/Blythe Tao/Desktop/Embedded/Lab5/Lab5.srcs/sources_1/bd/design_1/ip/design_1_blk_mem_gen_0_0/synth/design_1_blk_mem_gen_0_0.vhd:67]
INFO: [Synth 8-256] done synthesizing module 'design_1_blk_mem_gen_0_0' (11#1) [c:/Users/Blythe Tao/Desktop/Embedded/Lab5/Lab5.srcs/sources_1/bd/design_1/ip/design_1_blk_mem_gen_0_0/synth/design_1_blk_mem_gen_0_0.vhd:67]
Finished RTL Elaboration : Time (s): cpu = 00:01:03 ; elapsed = 00:01:05 . Memory (MB): peak = 493.527 ; gain = 283.125
Finished RTL Optimization Phase 1 : Time (s): cpu = 00:01:03 ; elapsed = 00:01:05 . Memory (MB): peak = 493.527 ; gain = 283.125
INFO: [Device 21-403] Loading part xc7z010clg400-1
Constraint Validation Runtime : Time (s): cpu = 00:00:00 ; elapsed = 00:00:00.026 . Memory (MB): peak = 647.762 ; gain = 0.000
Finished Constraint Validation : Time (s): cpu = 00:01:11 ; elapsed = 00:01:14 . Memory (MB): peak = 647.762 ; gain = 437.359
Finished Loading Part and Timing Information : Time (s): cpu = 00:01:11 ; elapsed = 00:01:14 . Memory (MB): peak = 647.762 ; gain = 437.359
Finished applying 'set_property' XDC Constraints : Time (s): cpu = 00:01:11 ; elapsed = 00:01:14 . Memory (MB): peak = 647.762 ; gain = 437.359
Finished RTL Optimization Phase 2 : Time (s): cpu = 00:01:12 ; elapsed = 00:01:15 . Memory (MB): peak = 647.762 ; gain = 437.359
Finished Cross Boundary and Area Optimization : Time (s): cpu = 00:01:12 ; elapsed = 00:01:15 . Memory (MB): peak = 647.762 ; gain = 437.359
Finished Applying XDC Timing Constraints : Time (s): cpu = 00:01:21 ; elapsed = 00:01:25 . Memory (MB): peak = 647.762 ; gain = 437.359
Finished Timing Optimization : Time (s): cpu = 00:01:22 ; elapsed = 00:01:25 . Memory (MB): peak = 647.762 ; gain = 437.359
Finished Technology Mapping : Time (s): cpu = 00:01:22 ; elapsed = 00:01:25 . Memory (MB): peak = 647.762 ; gain = 437.359
Finished IO Insertion : Time (s): cpu = 00:01:22 ; elapsed = 00:01:25 . Memory (MB): peak = 647.762 ; gain = 437.359
Finished Renaming Generated Instances : Time (s): cpu = 00:01:22 ; elapsed = 00:01:25 . Memory (MB): peak = 647.762 ; gain = 437.359
Finished Rebuilding User Hierarchy : Time (s): cpu = 00:01:22 ; elapsed = 00:01:25 . Memory (MB): peak = 647.762 ; gain = 437.359
Finished Renaming Generated Ports : Time (s): cpu = 00:01:22 ; elapsed = 00:01:25 . Memory (MB): peak = 647.762 ; gain = 437.359
Finished Handling Custom Attributes : Time (s): cpu = 00:01:22 ; elapsed = 00:01:25 . Memory (MB): peak = 647.762 ; gain = 437.359
Finished Renaming Generated Nets : Time (s): cpu = 00:01:22 ; elapsed = 00:01:25 . Memory (MB): peak = 647.762 ; gain = 437.359

Report Cell Usage: 
+------+-----------+------+
|      |Cell       |Count |
+------+-----------+------+
|1     |LUT2       |     4|
|2     |LUT6       |    27|
|3     |RAMB18E1   |     1|
|4     |RAMB36E1   |     1|
|5     |RAMB36E1_1 |     1|
|6     |RAMB36E1_2 |     1|
|7     |RAMB36E1_3 |     9|
|8     |RAMB36E1_4 |     1|
|9     |RAMB36E1_5 |     1|
|10    |FDRE       |     2|
+------+-----------+------+
Finished Writing Synthesis Report : Time (s): cpu = 00:01:22 ; elapsed = 00:01:25 . Memory (MB): peak = 647.762 ; gain = 437.359
synth_design: Time (s): cpu = 00:01:21 ; elapsed = 00:01:24 . Memory (MB): peak = 647.762 ; gain = 432.230
